<?xml version="1.0" encoding="UTF-8"?>
<testng-results skipped="0" failed="0" ignored="0" total="1" passed="1">
  <reporter-output>
  </reporter-output>
  <suite name="Suite" duration-ms="24" started-at="2017-10-14T20:45:43Z" finished-at="2017-10-14T20:45:43Z">
    <groups>
    </groups>
    <test name="Test" duration-ms="24" started-at="2017-10-14T20:45:43Z" finished-at="2017-10-14T20:45:43Z">
      <class name="demoTestJen.TestJenSel">
        <test-method status="PASS" signature="testIt()[pri:0, instance:demoTestJen.TestJenSel@721e0f4f]" name="testIt" duration-ms="5" started-at="2017-10-14T15:45:43Z" finished-at="2017-10-14T15:45:43Z">
          <reporter-output>
          </reporter-output>
        </test-method> <!-- testIt -->
      </class> <!-- demoTestJen.TestJenSel -->
    </test> <!-- Test -->
  </suite> <!-- Suite -->
</testng-results>
